-------------------------------------------------------------------------------
Test set: com.tests.LoginTest
-------------------------------------------------------------------------------
Tests run: 2, Failures: 1, Errors: 0, Skipped: 0, Time elapsed: 24.58 sec <<< FAILURE!
freeCrmTitleTest(com.tests.LoginTest)  Time elapsed: 0.04 sec  <<< FAILURE!
java.lang.AssertionError: expected [Facebook â€“ log in or sign up] but found [Facebook – log in or sign up]
	at org.testng.Assert.fail(Assert.java:110)
	at org.testng.Assert.failNotEquals(Assert.java:1413)
	at org.testng.Assert.assertEqualsImpl(Assert.java:149)
	at org.testng.Assert.assertEquals(Assert.java:131)
	at org.testng.Assert.assertEquals(Assert.java:655)
	at org.testng.Assert.assertEquals(Assert.java:665)
	at com.tests.LoginTest.freeCrmTitleTest(LoginTest.java:45)

